2025-09-19 21:35:49,505 - __main__ - INFO - Starting complete system population...
2025-09-19 21:35:49,598 - __main__ - INFO - Loading J&K data...
2025-09-19 21:35:49,646 - __main__ - INFO - Loaded 15 J&K colleges
2025-09-19 21:35:49,647 - __main__ - INFO - Loaded 15 aptitude questions
2025-09-19 21:35:49,648 - __main__ - INFO - Populating J&K colleges...
2025-09-19 21:35:49,706 - __main__ - ERROR - Error populating colleges: greenlet_spawn has not been called; can't call await_only() here. Was IO attempted in an unexpected place? (Background on this error at: https://sqlalche.me/e/20/xd2s)
2025-09-19 21:35:49,707 - __main__ - ERROR - Error during complete system population: greenlet_spawn has not been called; can't call await_only() here. Was IO attempted in an unexpected place? (Background on this error at: https://sqlalche.me/e/20/xd2s)
2025-09-20 10:26:22,818 - __main__ - INFO - Starting complete system population...
2025-09-20 10:26:22,921 - __main__ - INFO - Loading J&K data...
2025-09-20 10:26:22,924 - __main__ - INFO - Loaded 15 J&K colleges
2025-09-20 10:26:22,925 - __main__ - INFO - Loaded 15 aptitude questions
2025-09-20 10:26:22,926 - __main__ - INFO - Populating J&K colleges...
2025-09-20 10:26:22,991 - __main__ - ERROR - Error populating colleges: greenlet_spawn has not been called; can't call await_only() here. Was IO attempted in an unexpected place? (Background on this error at: https://sqlalche.me/e/20/xd2s)
2025-09-20 10:26:22,991 - __main__ - ERROR - Error during complete system population: greenlet_spawn has not been called; can't call await_only() here. Was IO attempted in an unexpected place? (Background on this error at: https://sqlalche.me/e/20/xd2s)
2025-09-20 10:27:26,409 - __main__ - INFO - Starting complete system population...
2025-09-20 10:27:26,514 - __main__ - INFO - Loading J&K data...
2025-09-20 10:27:26,516 - __main__ - INFO - Loaded 15 J&K colleges
2025-09-20 10:27:26,517 - __main__ - INFO - Loaded 15 aptitude questions
2025-09-20 10:27:26,517 - __main__ - INFO - Populating J&K colleges...
2025-09-20 10:27:26,579 - __main__ - ERROR - Error populating colleges: greenlet_spawn has not been called; can't call await_only() here. Was IO attempted in an unexpected place? (Background on this error at: https://sqlalche.me/e/20/xd2s)
2025-09-20 10:27:26,579 - __main__ - ERROR - Error during complete system population: greenlet_spawn has not been called; can't call await_only() here. Was IO attempted in an unexpected place? (Background on this error at: https://sqlalche.me/e/20/xd2s)
